13:48:19.714 [AWT-EventQueue-0] INFO  c.b.actions.DisableBrowserStack - Setting disable browserstack run update
13:48:19.748 [AWT-EventQueue-0] INFO  c.b.actions.EnableBrowserStack - Setting enable browserstack run update
13:48:19.770 [AWT-EventQueue-0] INFO  c.b.actions.EnableBrowserStack - Setting enable browserstack run update
13:48:19.774 [AWT-EventQueue-0] INFO  c.b.actions.DisableBrowserStack - Setting disable browserstack run update
13:52:23.276 [AWT-EventQueue-0] INFO  c.b.actions.DisableBrowserStack - Setting disable browserstack run update
13:52:23.313 [AWT-EventQueue-0] INFO  c.b.actions.EnableBrowserStack - Setting enable browserstack run update
13:52:23.358 [AWT-EventQueue-0] INFO  c.b.actions.EnableBrowserStack - Setting enable browserstack run update
13:52:23.361 [AWT-EventQueue-0] INFO  c.b.actions.DisableBrowserStack - Setting disable browserstack run update
13:53:07.288 [ApplicationImpl pooled thread 1301] INFO  c.b.l.BrowserStackRunExtension - testng
13:53:07.288 [ApplicationImpl pooled thread 1301] INFO  com.browserstack.utils.Helpers - null
13:53:07.288 [ApplicationImpl pooled thread 1301] INFO  c.b.l.BrowserStackRunExtension - Agent path: null
15:56:01.307 [ApplicationImpl pooled thread 1334] INFO  c.b.l.BrowserStackRunExtension - testng
15:56:01.307 [ApplicationImpl pooled thread 1334] INFO  com.browserstack.utils.Helpers - null
15:56:01.308 [ApplicationImpl pooled thread 1334] INFO  c.b.l.BrowserStackRunExtension - Agent path: null
15:56:48.874 [ApplicationImpl pooled thread 1327] INFO  c.b.l.BrowserStackRunExtension - testng
15:56:48.874 [ApplicationImpl pooled thread 1327] INFO  com.browserstack.utils.Helpers - null
15:56:48.875 [ApplicationImpl pooled thread 1327] INFO  c.b.l.BrowserStackRunExtension - Agent path: null
15:57:02.453 [ApplicationImpl pooled thread 1327] INFO  c.b.l.BrowserStackRunExtension - testng
15:57:02.453 [ApplicationImpl pooled thread 1327] INFO  com.browserstack.utils.Helpers - null
15:57:02.453 [ApplicationImpl pooled thread 1327] INFO  c.b.l.BrowserStackRunExtension - Agent path: null
15:58:24.768 [ApplicationImpl pooled thread 1334] INFO  c.b.l.BrowserStackRunExtension - testng
15:58:24.768 [ApplicationImpl pooled thread 1334] INFO  com.browserstack.utils.Helpers - null
15:58:24.770 [ApplicationImpl pooled thread 1334] INFO  c.b.l.BrowserStackRunExtension - Agent path: null
15:58:42.618 [ApplicationImpl pooled thread 1316] INFO  c.b.l.BrowserStackRunExtension - testng
15:58:42.618 [ApplicationImpl pooled thread 1316] INFO  com.browserstack.utils.Helpers - null
15:58:42.618 [ApplicationImpl pooled thread 1316] INFO  c.b.l.BrowserStackRunExtension - Agent path: null
16:00:10.057 [ApplicationImpl pooled thread 1330] INFO  c.b.l.BrowserStackRunExtension - testng
16:00:10.057 [ApplicationImpl pooled thread 1330] INFO  com.browserstack.utils.Helpers - null
16:00:10.057 [ApplicationImpl pooled thread 1330] INFO  c.b.l.BrowserStackRunExtension - Agent path: null
16:01:19.815 [ApplicationImpl pooled thread 1334] INFO  c.b.l.BrowserStackRunExtension - testng
16:01:19.816 [ApplicationImpl pooled thread 1334] INFO  com.browserstack.utils.Helpers - null
16:01:19.816 [ApplicationImpl pooled thread 1334] INFO  c.b.l.BrowserStackRunExtension - Agent path: null
16:10:37.731 [ApplicationImpl pooled thread 1343] INFO  c.b.l.BrowserStackRunExtension - testng
16:10:37.732 [ApplicationImpl pooled thread 1343] INFO  com.browserstack.utils.Helpers - null
16:10:37.732 [ApplicationImpl pooled thread 1343] INFO  c.b.l.BrowserStackRunExtension - Agent path: null
16:14:07.551 [ApplicationImpl pooled thread 1340] INFO  c.b.l.BrowserStackRunExtension - testng
16:14:07.551 [ApplicationImpl pooled thread 1340] INFO  com.browserstack.utils.Helpers - null
16:14:07.552 [ApplicationImpl pooled thread 1340] INFO  c.b.l.BrowserStackRunExtension - Agent path: null
16:15:41.867 [ApplicationImpl pooled thread 1340] INFO  c.b.l.BrowserStackRunExtension - testng
16:15:41.867 [ApplicationImpl pooled thread 1340] INFO  com.browserstack.utils.Helpers - null
16:15:41.868 [ApplicationImpl pooled thread 1340] INFO  c.b.l.BrowserStackRunExtension - Agent path: null
16:16:53.933 [ApplicationImpl pooled thread 1340] INFO  c.b.l.BrowserStackRunExtension - testng
16:16:53.933 [ApplicationImpl pooled thread 1340] INFO  com.browserstack.utils.Helpers - null
16:16:53.933 [ApplicationImpl pooled thread 1340] INFO  c.b.l.BrowserStackRunExtension - Agent path: null
16:18:14.912 [ApplicationImpl pooled thread 1358] INFO  c.b.l.BrowserStackRunExtension - testng
16:18:14.912 [ApplicationImpl pooled thread 1358] INFO  com.browserstack.utils.Helpers - null
16:18:14.914 [ApplicationImpl pooled thread 1358] INFO  c.b.l.BrowserStackRunExtension - Agent path: null
16:19:28.748 [ApplicationImpl pooled thread 1357] INFO  c.b.l.BrowserStackRunExtension - testng
16:19:28.748 [ApplicationImpl pooled thread 1357] INFO  com.browserstack.utils.Helpers - null
16:19:28.748 [ApplicationImpl pooled thread 1357] INFO  c.b.l.BrowserStackRunExtension - Agent path: null
16:21:31.166 [ApplicationImpl pooled thread 1357] INFO  c.b.l.BrowserStackRunExtension - testng
16:21:31.166 [ApplicationImpl pooled thread 1357] INFO  com.browserstack.utils.Helpers - null
16:21:31.166 [ApplicationImpl pooled thread 1357] INFO  c.b.l.BrowserStackRunExtension - Agent path: null
16:23:22.546 [ApplicationImpl pooled thread 1361] INFO  c.b.l.BrowserStackRunExtension - testng
16:23:22.546 [ApplicationImpl pooled thread 1361] INFO  com.browserstack.utils.Helpers - null
16:23:22.546 [ApplicationImpl pooled thread 1361] INFO  c.b.l.BrowserStackRunExtension - Agent path: null
16:24:08.429 [ApplicationImpl pooled thread 1364] INFO  c.b.l.BrowserStackRunExtension - testng
16:24:08.429 [ApplicationImpl pooled thread 1364] INFO  com.browserstack.utils.Helpers - null
16:24:08.429 [ApplicationImpl pooled thread 1364] INFO  c.b.l.BrowserStackRunExtension - Agent path: null
16:25:56.898 [ApplicationImpl pooled thread 1365] INFO  c.b.l.BrowserStackRunExtension - testng
16:25:56.898 [ApplicationImpl pooled thread 1365] INFO  com.browserstack.utils.Helpers - null
16:25:56.898 [ApplicationImpl pooled thread 1365] INFO  c.b.l.BrowserStackRunExtension - Agent path: null
16:30:48.994 [ApplicationImpl pooled thread 1368] INFO  c.b.l.BrowserStackRunExtension - testng
16:30:48.994 [ApplicationImpl pooled thread 1368] INFO  com.browserstack.utils.Helpers - null
16:30:48.994 [ApplicationImpl pooled thread 1368] INFO  c.b.l.BrowserStackRunExtension - Agent path: null
16:33:10.713 [ApplicationImpl pooled thread 1376] INFO  c.b.l.BrowserStackRunExtension - testng
16:33:10.713 [ApplicationImpl pooled thread 1376] INFO  com.browserstack.utils.Helpers - null
16:33:10.713 [ApplicationImpl pooled thread 1376] INFO  c.b.l.BrowserStackRunExtension - Agent path: null
16:50:31.311 [AWT-EventQueue-0] INFO  c.b.actions.DisableBrowserStack - Setting disable browserstack run update
16:50:31.398 [AWT-EventQueue-0] INFO  c.b.actions.EnableBrowserStack - Setting enable browserstack run update
16:50:31.476 [AWT-EventQueue-0] INFO  c.b.actions.EnableBrowserStack - Setting enable browserstack run update
16:50:31.481 [AWT-EventQueue-0] INFO  c.b.actions.DisableBrowserStack - Setting disable browserstack run update
16:50:39.417 [ApplicationImpl pooled thread 1376] INFO  c.b.l.BrowserStackRunExtension - testng
16:50:39.417 [ApplicationImpl pooled thread 1376] INFO  com.browserstack.utils.Helpers - null
16:50:39.417 [ApplicationImpl pooled thread 1376] INFO  c.b.l.BrowserStackRunExtension - Agent path: null
16:50:49.146 [AWT-EventQueue-0] INFO  c.b.actions.DisableBrowserStack - Setting disable browserstack run update
16:50:49.292 [AWT-EventQueue-0] INFO  c.b.actions.EnableBrowserStack - Setting enable browserstack run update
17:25:50.386 [ApplicationImpl pooled thread 1439] INFO  c.b.l.BrowserStackRunExtension - testng
17:25:50.386 [ApplicationImpl pooled thread 1439] INFO  com.browserstack.utils.Helpers - null
17:25:50.388 [ApplicationImpl pooled thread 1439] INFO  c.b.l.BrowserStackRunExtension - Agent path: null
17:26:33.143 [ApplicationImpl pooled thread 1445] INFO  c.b.l.BrowserStackRunExtension - testng
17:26:33.143 [ApplicationImpl pooled thread 1445] INFO  com.browserstack.utils.Helpers - null
17:26:33.143 [ApplicationImpl pooled thread 1445] INFO  c.b.l.BrowserStackRunExtension - Agent path: null
17:28:18.187 [ApplicationImpl pooled thread 1433] INFO  c.b.l.BrowserStackRunExtension - testng
17:28:18.187 [ApplicationImpl pooled thread 1433] INFO  com.browserstack.utils.Helpers - null
17:28:18.187 [ApplicationImpl pooled thread 1433] INFO  c.b.l.BrowserStackRunExtension - Agent path: null
18:56:44.568 [ApplicationImpl pooled thread 1499] INFO  c.b.l.BrowserStackRunExtension - testng
18:56:44.568 [ApplicationImpl pooled thread 1499] INFO  com.browserstack.utils.Helpers - null
18:56:44.569 [ApplicationImpl pooled thread 1499] INFO  c.b.l.BrowserStackRunExtension - Agent path: null
18:57:38.213 [ApplicationImpl pooled thread 1498] INFO  c.b.l.BrowserStackRunExtension - testng
18:57:38.213 [ApplicationImpl pooled thread 1498] INFO  com.browserstack.utils.Helpers - null
18:57:38.213 [ApplicationImpl pooled thread 1498] INFO  c.b.l.BrowserStackRunExtension - Agent path: null
18:58:09.022 [ApplicationImpl pooled thread 1506] INFO  c.b.l.BrowserStackRunExtension - testng
18:58:09.022 [ApplicationImpl pooled thread 1506] INFO  com.browserstack.utils.Helpers - null
18:58:09.022 [ApplicationImpl pooled thread 1506] INFO  c.b.l.BrowserStackRunExtension - Agent path: null
18:59:46.324 [ApplicationImpl pooled thread 1496] INFO  c.b.l.BrowserStackRunExtension - testng
18:59:46.324 [ApplicationImpl pooled thread 1496] INFO  com.browserstack.utils.Helpers - null
18:59:46.324 [ApplicationImpl pooled thread 1496] INFO  c.b.l.BrowserStackRunExtension - Agent path: null
19:02:17.365 [ApplicationImpl pooled thread 1510] INFO  c.b.l.BrowserStackRunExtension - testng
19:02:17.365 [ApplicationImpl pooled thread 1510] INFO  com.browserstack.utils.Helpers - null
19:02:17.365 [ApplicationImpl pooled thread 1510] INFO  c.b.l.BrowserStackRunExtension - Agent path: null
19:04:16.372 [ApplicationImpl pooled thread 1510] INFO  c.b.l.BrowserStackRunExtension - testng
19:04:16.372 [ApplicationImpl pooled thread 1510] INFO  com.browserstack.utils.Helpers - null
19:04:16.372 [ApplicationImpl pooled thread 1510] INFO  c.b.l.BrowserStackRunExtension - Agent path: null
19:06:03.183 [ApplicationImpl pooled thread 1513] INFO  c.b.l.BrowserStackRunExtension - testng
19:06:03.183 [ApplicationImpl pooled thread 1513] INFO  com.browserstack.utils.Helpers - null
19:06:03.183 [ApplicationImpl pooled thread 1513] INFO  c.b.l.BrowserStackRunExtension - Agent path: null
19:48:14.411 [ApplicationImpl pooled thread 20] INFO  c.b.l.BrowserStackRunExtension - testng
19:48:14.412 [ApplicationImpl pooled thread 20] INFO  com.browserstack.utils.Helpers - null
19:48:14.412 [ApplicationImpl pooled thread 20] INFO  c.b.l.BrowserStackRunExtension - Agent path: null
19:53:43.667 [ApplicationImpl pooled thread 30] INFO  c.b.l.BrowserStackRunExtension - testng
19:53:43.667 [ApplicationImpl pooled thread 30] INFO  com.browserstack.utils.Helpers - null
19:53:43.667 [ApplicationImpl pooled thread 30] INFO  c.b.l.BrowserStackRunExtension - Agent path: null
19:55:32.510 [ApplicationImpl pooled thread 37] INFO  c.b.l.BrowserStackRunExtension - testng
19:55:32.510 [ApplicationImpl pooled thread 37] INFO  com.browserstack.utils.Helpers - null
19:55:32.510 [ApplicationImpl pooled thread 37] INFO  c.b.l.BrowserStackRunExtension - Agent path: null
20:01:50.691 [ApplicationImpl pooled thread 37] INFO  c.b.l.BrowserStackRunExtension - testng
20:01:50.691 [ApplicationImpl pooled thread 37] INFO  com.browserstack.utils.Helpers - null
20:01:50.691 [ApplicationImpl pooled thread 37] INFO  c.b.l.BrowserStackRunExtension - Agent path: null
20:03:41.374 [ApplicationImpl pooled thread 21] INFO  c.b.l.BrowserStackRunExtension - testng
20:03:41.374 [ApplicationImpl pooled thread 21] INFO  com.browserstack.utils.Helpers - null
20:03:41.374 [ApplicationImpl pooled thread 21] INFO  c.b.l.BrowserStackRunExtension - Agent path: null
20:05:57.650 [ApplicationImpl pooled thread 21] INFO  c.b.l.BrowserStackRunExtension - testng
20:05:57.650 [ApplicationImpl pooled thread 21] INFO  com.browserstack.utils.Helpers - null
20:05:57.650 [ApplicationImpl pooled thread 21] INFO  c.b.l.BrowserStackRunExtension - Agent path: null
20:09:25.223 [ApplicationImpl pooled thread 42] INFO  c.b.l.BrowserStackRunExtension - testng
20:09:25.223 [ApplicationImpl pooled thread 42] INFO  com.browserstack.utils.Helpers - null
20:09:25.224 [ApplicationImpl pooled thread 42] INFO  c.b.l.BrowserStackRunExtension - Agent path: null
20:12:33.753 [ApplicationImpl pooled thread 59] INFO  c.b.l.BrowserStackRunExtension - testng
20:12:33.753 [ApplicationImpl pooled thread 59] INFO  com.browserstack.utils.Helpers - null
20:12:33.753 [ApplicationImpl pooled thread 59] INFO  c.b.l.BrowserStackRunExtension - Agent path: null
20:14:32.903 [ApplicationImpl pooled thread 58] INFO  c.b.l.BrowserStackRunExtension - testng
20:14:32.903 [ApplicationImpl pooled thread 58] INFO  com.browserstack.utils.Helpers - null
20:14:32.903 [ApplicationImpl pooled thread 58] INFO  c.b.l.BrowserStackRunExtension - Agent path: null
20:15:28.927 [ApplicationImpl pooled thread 47] INFO  c.b.l.BrowserStackRunExtension - testng
20:15:28.927 [ApplicationImpl pooled thread 47] INFO  com.browserstack.utils.Helpers - null
20:15:28.928 [ApplicationImpl pooled thread 47] INFO  c.b.l.BrowserStackRunExtension - Agent path: null
20:29:24.098 [ApplicationImpl pooled thread 44] INFO  c.b.l.BrowserStackRunExtension - testng
20:29:24.098 [ApplicationImpl pooled thread 44] INFO  com.browserstack.utils.Helpers - null
20:29:24.098 [ApplicationImpl pooled thread 44] INFO  c.b.l.BrowserStackRunExtension - Agent path: null
20:47:49.346 [ApplicationImpl pooled thread 158] INFO  c.b.l.BrowserStackRunExtension - testng
20:47:49.346 [ApplicationImpl pooled thread 158] INFO  com.browserstack.utils.Helpers - null
20:47:49.348 [ApplicationImpl pooled thread 158] INFO  c.b.l.BrowserStackRunExtension - Agent path: null
20:50:36.498 [ApplicationImpl pooled thread 166] INFO  c.b.l.BrowserStackRunExtension - testng
20:50:36.498 [ApplicationImpl pooled thread 166] INFO  com.browserstack.utils.Helpers - null
20:50:36.498 [ApplicationImpl pooled thread 166] INFO  c.b.l.BrowserStackRunExtension - Agent path: null
